2022-12-04 17:21:29,883 INFO o.a.j.u.JMeterUtils: Setting Locale to en_EN
2022-12-04 17:21:29,919 INFO o.a.j.JMeter: Loading user properties from: C:\jmeter_homework\apache-jmeter-5.5\bin\user.properties
2022-12-04 17:21:29,920 INFO o.a.j.JMeter: Loading system properties from: C:\jmeter_homework\apache-jmeter-5.5\bin\system.properties
2022-12-04 17:21:29,942 INFO o.a.j.JMeter: Copyright (c) 1998-2022 The Apache Software Foundation
2022-12-04 17:21:29,942 INFO o.a.j.JMeter: Version 5.5
2022-12-04 17:21:29,943 INFO o.a.j.JMeter: java.version=1.8.0_351
2022-12-04 17:21:29,943 INFO o.a.j.JMeter: java.vm.name=Java HotSpot(TM) Client VM
2022-12-04 17:21:29,943 INFO o.a.j.JMeter: os.name=Windows 10
2022-12-04 17:21:29,943 INFO o.a.j.JMeter: os.arch=x86
2022-12-04 17:21:29,943 INFO o.a.j.JMeter: os.version=10.0
2022-12-04 17:21:29,943 INFO o.a.j.JMeter: file.encoding=Cp1251
2022-12-04 17:21:29,943 INFO o.a.j.JMeter: java.awt.headless=true
2022-12-04 17:21:29,943 INFO o.a.j.JMeter: Max memory     =1073741824
2022-12-04 17:21:29,944 INFO o.a.j.JMeter: Available Processors =4
2022-12-04 17:21:29,954 INFO o.a.j.JMeter: Default Locale=English (EN)
2022-12-04 17:21:29,954 INFO o.a.j.JMeter: JMeter  Locale=English (EN)
2022-12-04 17:21:29,954 INFO o.a.j.JMeter: JMeterHome=C:\jmeter_homework\apache-jmeter-5.5
2022-12-04 17:21:29,955 INFO o.a.j.JMeter: user.dir  =C:\jmeter_homework
2022-12-04 17:21:29,955 INFO o.a.j.JMeter: PWD       =C:\jmeter_homework
2022-12-04 17:21:29,958 INFO o.a.j.JMeter: IP: 192.168.1.21 Name: DESKTOP-T337IUB FullName: DESKTOP-T337IUB
2022-12-04 17:21:30,070 INFO o.a.j.JMeter: Setting property 'jmeter.reportgenerator.outputdir' to:'C:\jmeter_homework\.\report\2022_12_04__17_21_26'
2022-12-04 17:21:30,130 INFO o.a.j.s.FileServer: Default base='C:\jmeter_homework'
2022-12-04 17:21:30,140 INFO o.a.j.s.FileServer: Set new base='C:\jmeter_homework\.'
2022-12-04 17:21:30,565 INFO o.a.j.s.SaveService: Testplan (JMX) version: 2.2. Testlog (JTL) version: 2.2
2022-12-04 17:21:30,618 INFO o.a.j.s.SaveService: Using SaveService properties file encoding UTF-8
2022-12-04 17:21:30,633 INFO o.a.j.s.SaveService: Using SaveService properties version 5.0
2022-12-04 17:21:30,656 INFO o.a.j.s.SaveService: Loading file: .\TestPlan.jmx
2022-12-04 17:21:30,859 INFO o.a.j.p.h.s.HTTPSamplerBase: Parser for text/html is org.apache.jmeter.protocol.http.parser.LagartoBasedHtmlParser
2022-12-04 17:21:30,859 INFO o.a.j.p.h.s.HTTPSamplerBase: Parser for application/xhtml+xml is org.apache.jmeter.protocol.http.parser.LagartoBasedHtmlParser
2022-12-04 17:21:30,859 INFO o.a.j.p.h.s.HTTPSamplerBase: Parser for application/xml is org.apache.jmeter.protocol.http.parser.LagartoBasedHtmlParser
2022-12-04 17:21:30,859 INFO o.a.j.p.h.s.HTTPSamplerBase: Parser for text/xml is org.apache.jmeter.protocol.http.parser.LagartoBasedHtmlParser
2022-12-04 17:21:30,859 INFO o.a.j.p.h.s.HTTPSamplerBase: Parser for text/vnd.wap.wml is org.apache.jmeter.protocol.http.parser.RegexpHTMLParser
2022-12-04 17:21:30,860 INFO o.a.j.p.h.s.HTTPSamplerBase: Parser for text/css is org.apache.jmeter.protocol.http.parser.CssParser
2022-12-04 17:21:31,922 INFO o.a.j.JMeter: Creating summariser <summary>
2022-12-04 17:21:31,944 INFO o.a.j.r.d.ReportGenerator: ReportGenerator will use for Parsing the separator: ','
2022-12-04 17:21:31,945 INFO o.a.j.r.d.ReportGenerator: Will generate report at end of test from  results file: ./result.jtl
2022-12-04 17:21:31,945 INFO o.a.j.r.d.ReportGenerator: Reading report generator properties from: C:\jmeter_homework\apache-jmeter-5.5\bin\reportgenerator.properties
2022-12-04 17:21:31,946 INFO o.a.j.r.d.ReportGenerator: Merging with JMeter properties
2022-12-04 17:21:31,963 INFO o.a.j.r.c.ReportGeneratorConfiguration: Property 'jmeter.reportgenerator.temp_dir' not found, using default value 'temp' instead.
2022-12-04 17:21:31,974 INFO o.a.j.r.c.ReportGeneratorConfiguration: Property 'jmeter.reportgenerator.apdex_per_transaction' not found, using default value 'null' instead.
2022-12-04 17:21:31,974 INFO o.a.j.r.c.ReportGeneratorConfiguration: apdex_per_transaction is empty, not APDEX per transaction customization
2022-12-04 17:21:31,975 INFO o.a.j.r.c.ReportGeneratorConfiguration: Property 'jmeter.reportgenerator.sample_filter' not found, using default value 'null' instead.
2022-12-04 17:21:31,975 INFO o.a.j.r.c.ReportGeneratorConfiguration: Property 'jmeter.reportgenerator.report_title' not found, using default value 'null' instead.
2022-12-04 17:21:31,975 INFO o.a.j.r.c.ReportGeneratorConfiguration: Property 'jmeter.reportgenerator.start_date' not found, using default value 'null' instead.
2022-12-04 17:21:31,975 INFO o.a.j.r.c.ReportGeneratorConfiguration: Property 'jmeter.reportgenerator.end_date' not found, using default value 'null' instead.
2022-12-04 17:21:31,975 INFO o.a.j.r.c.ReportGeneratorConfiguration: Property 'jmeter.reportgenerator.date_format' not found, using default value 'null' instead.
2022-12-04 17:21:31,976 INFO o.a.j.r.c.ReportGeneratorConfiguration: Will use date range start date: null, end date: null
2022-12-04 17:21:31,988 INFO o.a.j.r.c.ReportGeneratorConfiguration: Property 'jmeter.reportgenerator.graph.totalTPS.exclude_controllers' not found, using default value 'false' instead.
2022-12-04 17:21:31,989 INFO o.a.j.r.c.ReportGeneratorConfiguration: Property 'jmeter.reportgenerator.graph.activeThreadsOverTime.exclude_controllers' not found, using default value 'false' instead.
2022-12-04 17:21:31,989 INFO o.a.j.r.c.ReportGeneratorConfiguration: Property 'jmeter.reportgenerator.graph.timeVsThreads.exclude_controllers' not found, using default value 'false' instead.
2022-12-04 17:21:31,990 INFO o.a.j.r.c.ReportGeneratorConfiguration: Property 'jmeter.reportgenerator.graph.responseTimeDistribution.exclude_controllers' not found, using default value 'false' instead.
2022-12-04 17:21:31,990 INFO o.a.j.r.c.ReportGeneratorConfiguration: Property 'jmeter.reportgenerator.graph.transactionsPerSecond.exclude_controllers' not found, using default value 'false' instead.
2022-12-04 17:21:31,990 INFO o.a.j.r.c.ReportGeneratorConfiguration: Property 'jmeter.reportgenerator.graph.responseTimePercentiles.exclude_controllers' not found, using default value 'false' instead.
2022-12-04 17:21:31,990 INFO o.a.j.r.c.ReportGeneratorConfiguration: Property 'jmeter.reportgenerator.graph.responseTimePercentilesOverTime.exclude_controllers' not found, using default value 'false' instead.
2022-12-04 17:21:31,990 INFO o.a.j.r.c.ReportGeneratorConfiguration: Property 'jmeter.reportgenerator.graph.responseTimesOverTime.exclude_controllers' not found, using default value 'false' instead.
2022-12-04 17:21:31,991 INFO o.a.j.r.c.ReportGeneratorConfiguration: Property 'jmeter.reportgenerator.graph.connectTimeOverTime.exclude_controllers' not found, using default value 'false' instead.
2022-12-04 17:21:31,991 INFO o.a.j.r.c.ReportGeneratorConfiguration: Property 'jmeter.reportgenerator.graph.latenciesOverTime.exclude_controllers' not found, using default value 'false' instead.
2022-12-04 17:21:31,994 INFO o.a.j.r.c.ReportGeneratorConfiguration: Property 'jmeter.reportgenerator.exporter.json.filters_only_sample_series' not found, using default value 'true' instead.
2022-12-04 17:21:31,994 INFO o.a.j.r.c.ReportGeneratorConfiguration: Property 'jmeter.reportgenerator.exporter.json.series_filter' not found, using default value '' instead.
2022-12-04 17:21:31,994 INFO o.a.j.r.c.ReportGeneratorConfiguration: Property 'jmeter.reportgenerator.exporter.json.show_controllers_only' not found, using default value 'false' instead.
2022-12-04 17:21:31,996 INFO o.a.j.r.c.ReportGeneratorConfiguration: Property 'jmeter.reportgenerator.exporter.html.filters_only_sample_series' not found, using default value 'true' instead.
2022-12-04 17:21:31,996 INFO o.a.j.r.c.ReportGeneratorConfiguration: Property 'jmeter.reportgenerator.exporter.html.series_filter' not found, using default value '' instead.
2022-12-04 17:21:31,996 INFO o.a.j.r.c.ReportGeneratorConfiguration: Property 'jmeter.reportgenerator.exporter.html.show_controllers_only' not found, using default value 'false' instead.
2022-12-04 17:21:32,024 INFO o.a.j.e.StandardJMeterEngine: Running the test!
2022-12-04 17:21:32,025 INFO o.a.j.s.SampleEvent: List of sample_variables: []
2022-12-04 17:21:32,025 INFO o.a.j.s.SampleEvent: List of sample_variables: []
2022-12-04 17:21:32,043 INFO o.a.j.e.u.CompoundVariable: Note: Function class names must contain the string: '.functions.'
2022-12-04 17:21:32,044 INFO o.a.j.e.u.CompoundVariable: Note: Function class names must not contain the string: '.gui.'
2022-12-04 17:21:32,899 INFO o.a.j.JMeter: Running test (1670167292899)
2022-12-04 17:21:33,024 INFO o.a.j.e.StandardJMeterEngine: Starting ThreadGroup: 1 : Thread Group
2022-12-04 17:21:33,025 INFO o.a.j.e.StandardJMeterEngine: Starting 10 threads for group Thread Group.
2022-12-04 17:21:33,025 INFO o.a.j.e.StandardJMeterEngine: Thread will continue on error
2022-12-04 17:21:33,025 INFO o.a.j.t.ThreadGroup: Starting thread group... number=1 threads=10 ramp-up=0 delayedStart=false
2022-12-04 17:21:33,077 INFO o.a.j.t.ThreadGroup: Started thread group number 1
2022-12-04 17:21:33,081 INFO o.a.j.e.StandardJMeterEngine: All thread groups have been started
2022-12-04 17:21:33,212 INFO o.a.j.t.JMeterThread: Thread started: Thread Group 1-2
2022-12-04 17:21:33,213 INFO o.a.j.t.JMeterThread: Thread started: Thread Group 1-1
2022-12-04 17:21:33,215 INFO o.a.j.t.JMeterThread: Thread started: Thread Group 1-7
2022-12-04 17:21:33,217 INFO o.a.j.t.JMeterThread: Thread started: Thread Group 1-5
2022-12-04 17:21:33,218 INFO o.a.j.t.JMeterThread: Thread started: Thread Group 1-4
2022-12-04 17:21:33,220 INFO o.a.j.s.FileServer: Stored: ./test_data.csv Alias: ./test_data.csv@13082530
2022-12-04 17:21:33,220 INFO o.a.j.t.JMeterThread: Thread started: Thread Group 1-8
2022-12-04 17:21:33,221 INFO o.a.j.t.JMeterThread: Thread started: Thread Group 1-3
2022-12-04 17:21:33,221 INFO o.a.j.t.JMeterThread: Thread started: Thread Group 1-9
2022-12-04 17:21:33,222 INFO o.a.j.t.JMeterThread: Thread started: Thread Group 1-6
2022-12-04 17:21:33,223 INFO o.a.j.t.JMeterThread: Thread started: Thread Group 1-10
2022-12-04 17:21:33,255 INFO o.a.j.t.JMeterThread: Stop Thread seen for thread Thread Group 1-4, reason: org.apache.jorphan.util.JMeterStopThreadException: End of file:./test_data.csv detected for CSV DataSet:CSV Data Set Config configured with stopThread:true, recycle:false
2022-12-04 17:21:33,255 INFO o.a.j.t.JMeterThread: Stop Thread seen for thread Thread Group 1-2, reason: org.apache.jorphan.util.JMeterStopThreadException: End of file:./test_data.csv detected for CSV DataSet:CSV Data Set Config configured with stopThread:true, recycle:false
2022-12-04 17:21:33,255 INFO o.a.j.t.JMeterThread: Thread finished: Thread Group 1-4
2022-12-04 17:21:33,255 INFO o.a.j.t.JMeterThread: Stop Thread seen for thread Thread Group 1-10, reason: org.apache.jorphan.util.JMeterStopThreadException: End of file:./test_data.csv detected for CSV DataSet:CSV Data Set Config configured with stopThread:true, recycle:false
2022-12-04 17:21:33,256 INFO o.a.j.t.JMeterThread: Thread finished: Thread Group 1-2
2022-12-04 17:21:33,256 INFO o.a.j.t.JMeterThread: Thread finished: Thread Group 1-10
2022-12-04 17:21:33,342 INFO o.a.j.p.h.s.HTTPHCAbstractImpl: Local host = DESKTOP-T337IUB
2022-12-04 17:21:33,390 INFO o.a.j.p.h.s.HTTPHC4Impl: HTTP request retry count = 0
2022-12-04 17:21:33,396 INFO o.a.j.s.SampleResult: Note: Sample TimeStamps are START times
2022-12-04 17:21:33,396 INFO o.a.j.s.SampleResult: sampleresult.default.encoding is set to ISO-8859-1
2022-12-04 17:21:33,396 INFO o.a.j.s.SampleResult: sampleresult.useNanoTime=true
2022-12-04 17:21:33,397 INFO o.a.j.s.SampleResult: sampleresult.nanoThreadSleep=5000
2022-12-04 17:21:33,788 INFO o.a.j.p.h.s.h.LazyLayeredConnectionSocketFactory: Setting up HTTPS TrustAll Socket Factory
2022-12-04 17:21:33,806 INFO o.a.j.u.JsseSSLManager: Using default SSL protocol: TLS
2022-12-04 17:21:33,807 INFO o.a.j.u.JsseSSLManager: SSL session context: per-thread
2022-12-04 17:21:34,943 INFO o.a.j.u.SSLManager: JmeterKeyStore Location:  type JKS
2022-12-04 17:21:34,950 INFO o.a.j.u.SSLManager: KeyStore created OK
2022-12-04 17:21:34,950 WARN o.a.j.u.SSLManager: Keystore file not found, loading empty keystore
2022-12-04 17:21:37,348 INFO o.a.j.t.JMeterThread: Stop Thread seen for thread Thread Group 1-9, reason: org.apache.jorphan.util.JMeterStopThreadException: End of file:./test_data.csv detected for CSV DataSet:CSV Data Set Config configured with stopThread:true, recycle:false
2022-12-04 17:21:37,348 INFO o.a.j.t.JMeterThread: Stop Thread seen for thread Thread Group 1-8, reason: org.apache.jorphan.util.JMeterStopThreadException: End of file:./test_data.csv detected for CSV DataSet:CSV Data Set Config configured with stopThread:true, recycle:false
2022-12-04 17:21:37,348 INFO o.a.j.t.JMeterThread: Thread finished: Thread Group 1-9
2022-12-04 17:21:37,348 INFO o.a.j.t.JMeterThread: Thread finished: Thread Group 1-8
2022-12-04 17:21:37,357 INFO o.a.j.t.JMeterThread: Stop Thread seen for thread Thread Group 1-7, reason: org.apache.jorphan.util.JMeterStopThreadException: End of file:./test_data.csv detected for CSV DataSet:CSV Data Set Config configured with stopThread:true, recycle:false
2022-12-04 17:21:37,358 INFO o.a.j.t.JMeterThread: Thread finished: Thread Group 1-7
2022-12-04 17:21:37,370 INFO o.a.j.t.JMeterThread: Stop Thread seen for thread Thread Group 1-5, reason: org.apache.jorphan.util.JMeterStopThreadException: End of file:./test_data.csv detected for CSV DataSet:CSV Data Set Config configured with stopThread:true, recycle:false
2022-12-04 17:21:37,370 INFO o.a.j.t.JMeterThread: Thread finished: Thread Group 1-5
2022-12-04 17:21:37,371 INFO o.a.j.t.JMeterThread: Stop Thread seen for thread Thread Group 1-1, reason: org.apache.jorphan.util.JMeterStopThreadException: End of file:./test_data.csv detected for CSV DataSet:CSV Data Set Config configured with stopThread:true, recycle:false
2022-12-04 17:21:37,372 INFO o.a.j.t.JMeterThread: Thread finished: Thread Group 1-1
2022-12-04 17:21:37,383 INFO o.a.j.t.JMeterThread: Stop Thread seen for thread Thread Group 1-3, reason: org.apache.jorphan.util.JMeterStopThreadException: End of file:./test_data.csv detected for CSV DataSet:CSV Data Set Config configured with stopThread:true, recycle:false
2022-12-04 17:21:37,383 INFO o.a.j.t.JMeterThread: Thread finished: Thread Group 1-3
2022-12-04 17:21:37,404 INFO o.a.j.t.JMeterThread: Stop Thread seen for thread Thread Group 1-6, reason: org.apache.jorphan.util.JMeterStopThreadException: End of file:./test_data.csv detected for CSV DataSet:CSV Data Set Config configured with stopThread:true, recycle:false
2022-12-04 17:21:37,404 INFO o.a.j.t.JMeterThread: Thread finished: Thread Group 1-6
2022-12-04 17:21:37,406 INFO o.a.j.e.StandardJMeterEngine: Notifying test listeners of end of test
2022-12-04 17:21:37,407 INFO o.a.j.s.FileServer: Close: ./test_data.csv@13082530
2022-12-04 17:21:37,416 INFO o.a.j.r.Summariser: summary =     49 in 00:00:05 =   10.9/s Avg:   502 Min:   121 Max:  2755 Err:     0 (0.00%)
2022-12-04 17:21:37,428 INFO o.a.j.JMeter: Generating Dashboard
2022-12-04 17:21:37,428 INFO o.a.j.r.d.ReportGenerator: Flushing result collector before report Generation
2022-12-04 17:21:37,490 INFO o.a.j.r.p.NormalizerSampleConsumer: Using format, 'ms', to parse timeStamp field
2022-12-04 17:21:37,774 INFO o.a.j.r.p.AbstractSampleConsumer: class org.apache.jmeter.report.processor.AggregateConsumer#stopProducing(): beginDate produced 0 samples
2022-12-04 17:21:37,774 INFO o.a.j.r.p.AbstractSampleConsumer: class org.apache.jmeter.report.processor.AggregateConsumer#stopProducing(): endDate produced 0 samples
2022-12-04 17:21:37,781 INFO o.a.j.r.p.AbstractSampleConsumer: class org.apache.jmeter.report.processor.ApdexSummaryConsumer#stopProducing(): apdexSummary produced 0 samples
2022-12-04 17:21:37,781 INFO o.a.j.r.p.AbstractSampleConsumer: class org.apache.jmeter.report.processor.RequestsSummaryConsumer#stopProducing(): requestsSummary produced 0 samples
2022-12-04 17:21:37,794 INFO o.a.j.r.p.AbstractSampleConsumer: class org.apache.jmeter.report.processor.StatisticsSummaryConsumer#stopProducing(): statisticsSummary produced 0 samples
2022-12-04 17:21:37,804 INFO o.a.j.r.p.AbstractSampleConsumer: class org.apache.jmeter.report.processor.Top5ErrorsBySamplerConsumer#stopProducing(): top5ErrorsBySampler produced 0 samples
2022-12-04 17:21:37,804 INFO o.a.j.r.p.AbstractSampleConsumer: class org.apache.jmeter.report.processor.ErrorsSummaryConsumer#stopProducing(): errorsSummary produced 0 samples
2022-12-04 17:21:37,804 INFO o.a.j.r.p.AbstractSampleConsumer: class org.apache.jmeter.report.processor.graph.impl.HitsPerSecondGraphConsumer#stopProducing(): hitsPerSecond produced 0 samples
2022-12-04 17:21:37,849 INFO o.a.j.r.p.AbstractSampleConsumer: class org.apache.jmeter.report.processor.graph.impl.LatencyVSRequestGraphConsumer#stopProducing(): latencyVsRequest produced 0 samples
2022-12-04 17:21:37,850 INFO o.a.j.r.p.AbstractSampleConsumer: class org.apache.jmeter.report.processor.graph.impl.SyntheticResponseTimeDistributionGraphConsumer#stopProducing(): syntheticResponseTimeDistribution produced 0 samples
2022-12-04 17:21:37,851 INFO o.a.j.r.p.AbstractSampleConsumer: class org.apache.jmeter.report.processor.graph.impl.BytesThroughputGraphConsumer#stopProducing(): bytesThroughputOverTime produced 0 samples
2022-12-04 17:21:37,851 INFO o.a.j.r.p.AbstractSampleConsumer: class org.apache.jmeter.report.processor.graph.impl.CodesPerSecondGraphConsumer#stopProducing(): codesPerSecond produced 0 samples
2022-12-04 17:21:37,878 INFO o.a.j.r.p.AbstractSampleConsumer: class org.apache.jmeter.report.processor.graph.impl.ResponseTimeVSRequestGraphConsumer#stopProducing(): responseTimeVsRequest produced 0 samples
2022-12-04 17:21:37,878 INFO o.a.j.r.p.AbstractSampleConsumer: class org.apache.jmeter.report.processor.FilterConsumer#stopProducing(): startIntervalControlerFilter produced 686 samples
2022-12-04 17:21:37,878 INFO o.a.j.r.p.AbstractSampleConsumer: class org.apache.jmeter.report.processor.graph.impl.TotalTPSGraphConsumer#stopProducing(): totalTPS produced 0 samples
2022-12-04 17:21:37,880 INFO o.a.j.r.p.AbstractSampleConsumer: class org.apache.jmeter.report.processor.graph.impl.ActiveThreadsGraphConsumer#stopProducing(): activeThreadsOverTime produced 0 samples
2022-12-04 17:21:37,880 INFO o.a.j.r.p.AbstractSampleConsumer: class org.apache.jmeter.report.processor.graph.impl.TimeVSThreadGraphConsumer#stopProducing(): timeVsThreads produced 0 samples
2022-12-04 17:21:37,881 INFO o.a.j.r.p.AbstractSampleConsumer: class org.apache.jmeter.report.processor.graph.impl.ResponseTimeDistributionGraphConsumer#stopProducing(): responseTimeDistribution produced 0 samples
2022-12-04 17:21:37,881 INFO o.a.j.r.p.AbstractSampleConsumer: class org.apache.jmeter.report.processor.graph.impl.TransactionsPerSecondGraphConsumer#stopProducing(): transactionsPerSecond produced 0 samples
2022-12-04 17:21:37,881 INFO o.a.j.r.p.AbstractSampleConsumer: class org.apache.jmeter.report.processor.graph.impl.ResponseTimePercentilesGraphConsumer#stopProducing(): responseTimePercentiles produced 0 samples
2022-12-04 17:21:37,885 INFO o.a.j.r.p.AbstractSampleConsumer: class org.apache.jmeter.report.processor.graph.impl.ResponseTimePercentilesOverTimeGraphConsumer#stopProducing(): responseTimePercentilesOverTime produced 0 samples
2022-12-04 17:21:37,886 INFO o.a.j.r.p.AbstractSampleConsumer: class org.apache.jmeter.report.processor.graph.impl.ResponseTimeOverTimeGraphConsumer#stopProducing(): responseTimesOverTime produced 0 samples
2022-12-04 17:21:37,887 INFO o.a.j.r.p.AbstractSampleConsumer: class org.apache.jmeter.report.processor.graph.impl.ConnectTimeOverTimeGraphConsumer#stopProducing(): connectTimeOverTime produced 0 samples
2022-12-04 17:21:37,887 INFO o.a.j.r.p.AbstractSampleConsumer: class org.apache.jmeter.report.processor.graph.impl.LatencyOverTimeGraphConsumer#stopProducing(): latenciesOverTime produced 0 samples
2022-12-04 17:21:37,887 INFO o.a.j.r.p.AbstractSampleConsumer: class org.apache.jmeter.report.processor.FilterConsumer#stopProducing(): nameFilter produced 1470 samples
2022-12-04 17:21:37,888 INFO o.a.j.r.p.AbstractSampleConsumer: class org.apache.jmeter.report.processor.FilterConsumer#stopProducing(): dateRangeFilter produced 294 samples
2022-12-04 17:21:37,888 INFO o.a.j.r.p.AbstractSampleConsumer: class org.apache.jmeter.report.processor.NormalizerSampleConsumer#stopProducing(): normalizer produced 98 samples
2022-12-04 17:21:37,890 INFO o.a.j.r.p.CsvFileSampleSource: produce(): 98 samples produced in 260ms on channel 0
2022-12-04 17:21:37,890 INFO o.a.j.r.d.ReportGenerator: Exporting data using exporter:'json' of className:'org.apache.jmeter.report.dashboard.JsonExporter'
2022-12-04 17:21:38,363 INFO o.a.j.r.d.JsonExporter: Found data for consumer statisticsSummary in context
2022-12-04 17:21:38,363 INFO o.a.j.r.d.JsonExporter: Creating statistics for overall
2022-12-04 17:21:38,364 INFO o.a.j.r.d.JsonExporter: Creating statistics for other transactions
2022-12-04 17:21:38,366 INFO o.a.j.r.d.JsonExporter: Checking output folder
2022-12-04 17:21:38,367 INFO o.a.j.r.d.JsonExporter: Writing statistics JSON to C:\jmeter_homework\.\report\2022_12_04__17_21_26\statistics.json
2022-12-04 17:21:38,520 INFO o.a.j.r.d.ReportGenerator: Exporting data using exporter:'html' of className:'org.apache.jmeter.report.dashboard.HtmlTemplateExporter'
2022-12-04 17:21:38,529 INFO o.a.j.r.d.HtmlTemplateExporter: Will generate dashboard in folder: C:\jmeter_homework\.\report\2022_12_04__17_21_26
2022-12-04 17:21:38,863 INFO o.a.j.r.d.HtmlTemplateExporter: Report will be generated in: C:\jmeter_homework\.\report\2022_12_04__17_21_26, creating folder structure
2022-12-04 17:21:38,873 INFO o.a.j.r.d.TemplateVisitor: Copying folder from 'C:\jmeter_homework\apache-jmeter-5.5\bin\report-template' to 'C:\jmeter_homework\.\report\2022_12_04__17_21_26', got message: C:\jmeter_homework\.\report\2022_12_04__17_21_26, found non empty folder with following content [C:\jmeter_homework\.\report\2022_12_04__17_21_26\statistics.json], will be ignored
2022-12-04 17:21:40,310 INFO o.a.j.JMeter: Dashboard generated
